[debug] [2023-03-22T02:49:42.832Z] ----------------------------------------------------------------------
[debug] [2023-03-22T02:49:42.839Z] Command:       /data/data/com.termux/files/usr/bin/node /data/data/com.termux/files/usr/bin/firebase deploy
[debug] [2023-03-22T02:49:42.841Z] CLI Version:   11.24.1
[debug] [2023-03-22T02:49:42.842Z] Platform:      android
[debug] [2023-03-22T02:49:42.843Z] Node Version:  v18.14.1
[debug] [2023-03-22T02:49:42.852Z] Time:          Wed Mar 22 2023 04:49:42 GMT+0200 (Eastern European Standard Time)
[debug] [2023-03-22T02:49:42.854Z] ----------------------------------------------------------------------
[debug] 
[debug] [2023-03-22T02:49:43.150Z] > command requires scopes: ["email","openid","https://www.googleapis.com/auth/cloudplatformprojects.readonly","https://www.googleapis.com/auth/firebase","https://www.googleapis.com/auth/cloud-platform"]
[debug] [2023-03-22T02:49:43.153Z] > authorizing via signed-in user (alielmalki.developer@gmail.com)
[debug] [2023-03-22T02:49:43.154Z] [iam] checking project react-firebase-65a6c for permissions ["firebase.projects.get","firebasehosting.sites.update"]
[debug] [2023-03-22T02:49:43.161Z] > refreshing access token with scopes: []
[debug] [2023-03-22T02:49:43.169Z] >>> [apiv2][query] POST https://www.googleapis.com/oauth2/v3/token [none]
[debug] [2023-03-22T02:49:43.169Z] >>> [apiv2][body] POST https://www.googleapis.com/oauth2/v3/token [omitted]
[debug] [2023-03-22T02:49:43.596Z] <<< [apiv2][status] POST https://www.googleapis.com/oauth2/v3/token 200
[debug] [2023-03-22T02:49:43.596Z] <<< [apiv2][body] POST https://www.googleapis.com/oauth2/v3/token [omitted]
[debug] [2023-03-22T02:49:43.609Z] >>> [apiv2][query] POST https://cloudresourcemanager.googleapis.com/v1/projects/react-firebase-65a6c:testIamPermissions [none]
[debug] [2023-03-22T02:49:43.611Z] >>> [apiv2][(partial)header] POST https://cloudresourcemanager.googleapis.com/v1/projects/react-firebase-65a6c:testIamPermissions x-goog-quota-user=projects/react-firebase-65a6c
[debug] [2023-03-22T02:49:43.612Z] >>> [apiv2][body] POST https://cloudresourcemanager.googleapis.com/v1/projects/react-firebase-65a6c:testIamPermissions {"permissions":["firebase.projects.get","firebasehosting.sites.update"]}
[debug] [2023-03-22T02:49:44.779Z] <<< [apiv2][status] POST https://cloudresourcemanager.googleapis.com/v1/projects/react-firebase-65a6c:testIamPermissions 200
[debug] [2023-03-22T02:49:44.780Z] <<< [apiv2][body] POST https://cloudresourcemanager.googleapis.com/v1/projects/react-firebase-65a6c:testIamPermissions {"permissions":["firebase.projects.get","firebasehosting.sites.update"]}
[debug] [2023-03-22T02:49:44.785Z] >>> [apiv2][query] GET https://firebase.googleapis.com/v1beta1/projects/react-firebase-65a6c [none]
[debug] [2023-03-22T02:49:45.349Z] <<< [apiv2][status] GET https://firebase.googleapis.com/v1beta1/projects/react-firebase-65a6c 200
[debug] [2023-03-22T02:49:45.349Z] <<< [apiv2][body] GET https://firebase.googleapis.com/v1beta1/projects/react-firebase-65a6c {"projectId":"react-firebase-65a6c","projectNumber":"805389922873","displayName":"react-firebase","name":"projects/react-firebase-65a6c","resources":{"hostingSite":"react-firebase-65a6c","storageBucket":"react-firebase-65a6c.appspot.com","locationId":"us-central"},"state":"ACTIVE","etag":"1_aa425950-9dfa-4243-8438-93ccac9008b9"}
[info] 
[info] === Deploying to 'react-firebase-65a6c'...
[info] 
[info] i  deploying hosting 
[debug] [2023-03-22T02:49:45.376Z] >>> [apiv2][query] POST https://firebasehosting.googleapis.com/v1beta1/projects/-/sites/react-firebase-65a6c/versions [none]
[debug] [2023-03-22T02:49:45.377Z] >>> [apiv2][body] POST https://firebasehosting.googleapis.com/v1beta1/projects/-/sites/react-firebase-65a6c/versions {"status":"CREATED","labels":{"deployment-tool":"cli-firebase"}}
[debug] [2023-03-22T02:49:47.032Z] <<< [apiv2][status] POST https://firebasehosting.googleapis.com/v1beta1/projects/-/sites/react-firebase-65a6c/versions 200
[debug] [2023-03-22T02:49:47.034Z] <<< [apiv2][body] POST https://firebasehosting.googleapis.com/v1beta1/projects/-/sites/react-firebase-65a6c/versions {"name":"projects/805389922873/sites/react-firebase-65a6c/versions/da2b9907e743ffc6","status":"CREATED","config":{},"labels":{"deployment-tool":"cli-firebase"}}
[info] i  hosting[react-firebase-65a6c]: beginning deploy... 
[info] i  hosting[react-firebase-65a6c]: found 8 files in build 
[debug] [2023-03-22T02:49:47.114Z] [hosting] uploading with 200 concurrency
[debug] [2023-03-22T02:49:49.360Z] [hosting] hash cache [YnVpbGQ] stored for 8 files
[debug] [2023-03-22T02:49:49.363Z] [hosting][hash queue][FINAL] {"max":2210,"min":32,"avg":342.5,"active":0,"complete":8,"success":8,"errored":0,"retried":0,"total":8,"elapsed":2235}
[debug] [2023-03-22T02:49:49.366Z] >>> [apiv2][query] POST https://firebasehosting.googleapis.com/v1beta1/projects/805389922873/sites/react-firebase-65a6c/versions/da2b9907e743ffc6:populateFiles [none]
[debug] [2023-03-22T02:49:49.370Z] >>> [apiv2][body] POST https://firebasehosting.googleapis.com/v1beta1/projects/805389922873/sites/react-firebase-65a6c/versions/da2b9907e743ffc6:populateFiles {"files":{"/asset-manifest.json":"6e7eae71f8f504959d546f054821fdffc600c67f52fc8e60dc31f14d27361e10","/index.html":"33652eb0d323b2cce01b93ef64bed9a2e3c4045aaaf4d239e1779fdb96168153","/404.html":"b7bab6b83fa074653ff28c8d2a64135d3434575f70a12ab3d3ba8080461b9537","/static/js/main.9cef28ae.js.LICENSE.txt":"a35cb8f6f847dfa9a1a1350d947fe46599e54234e96918d72c49168da27f5ccc","/static/css/main.ece0b16d.css":"4cf2025f6fdf7755c130bd4bafce9b829b0db12bfd3f3c4232111f37b7dcaf57","/static/css/main.ece0b16d.css.map":"6b483260e669a3fe6f29d720d3695e1b5f0dc6c0b5fff8744979b4480b4a7cb4","/static/js/main.9cef28ae.js":"f9eb39c716ddcd70e02e69b40b1d4465a676eff83a1e80bf30d75d10529481ca","/static/js/main.9cef28ae.js.map":"6f1f0d28c16cac9abad39c7df8844613a85eacf3d8685968dfbc6fe3a8d63406"}}
[debug] [2023-03-22T02:49:50.611Z] <<< [apiv2][status] POST https://firebasehosting.googleapis.com/v1beta1/projects/805389922873/sites/react-firebase-65a6c/versions/da2b9907e743ffc6:populateFiles 200
[debug] [2023-03-22T02:49:50.612Z] <<< [apiv2][body] POST https://firebasehosting.googleapis.com/v1beta1/projects/805389922873/sites/react-firebase-65a6c/versions/da2b9907e743ffc6:populateFiles {"uploadRequiredHashes":["6e7eae71f8f504959d546f054821fdffc600c67f52fc8e60dc31f14d27361e10","33652eb0d323b2cce01b93ef64bed9a2e3c4045aaaf4d239e1779fdb96168153","f9eb39c716ddcd70e02e69b40b1d4465a676eff83a1e80bf30d75d10529481ca","6f1f0d28c16cac9abad39c7df8844613a85eacf3d8685968dfbc6fe3a8d63406"],"uploadUrl":"https://upload-firebasehosting.googleapis.com/upload/sites/react-firebase-65a6c/versions/da2b9907e743ffc6/files"}
[debug] [2023-03-22T02:49:50.619Z] >>> [apiv2][query] POST https://upload-firebasehosting.googleapis.com/upload/sites/react-firebase-65a6c/versions/da2b9907e743ffc6/files/6e7eae71f8f504959d546f054821fdffc600c67f52fc8e60dc31f14d27361e10 [none]
[debug] [2023-03-22T02:49:50.620Z] >>> [apiv2][body] POST https://upload-firebasehosting.googleapis.com/upload/sites/react-firebase-65a6c/versions/da2b9907e743ffc6/files/6e7eae71f8f504959d546f054821fdffc600c67f52fc8e60dc31f14d27361e10 [stream]
[debug] [2023-03-22T02:49:50.626Z] >>> [apiv2][query] POST https://upload-firebasehosting.googleapis.com/upload/sites/react-firebase-65a6c/versions/da2b9907e743ffc6/files/33652eb0d323b2cce01b93ef64bed9a2e3c4045aaaf4d239e1779fdb96168153 [none]
[debug] [2023-03-22T02:49:50.627Z] >>> [apiv2][body] POST https://upload-firebasehosting.googleapis.com/upload/sites/react-firebase-65a6c/versions/da2b9907e743ffc6/files/33652eb0d323b2cce01b93ef64bed9a2e3c4045aaaf4d239e1779fdb96168153 [stream]
[debug] [2023-03-22T02:49:50.631Z] >>> [apiv2][query] POST https://upload-firebasehosting.googleapis.com/upload/sites/react-firebase-65a6c/versions/da2b9907e743ffc6/files/f9eb39c716ddcd70e02e69b40b1d4465a676eff83a1e80bf30d75d10529481ca [none]
[debug] [2023-03-22T02:49:50.631Z] >>> [apiv2][body] POST https://upload-firebasehosting.googleapis.com/upload/sites/react-firebase-65a6c/versions/da2b9907e743ffc6/files/f9eb39c716ddcd70e02e69b40b1d4465a676eff83a1e80bf30d75d10529481ca [stream]
[debug] [2023-03-22T02:49:50.637Z] >>> [apiv2][query] POST https://upload-firebasehosting.googleapis.com/upload/sites/react-firebase-65a6c/versions/da2b9907e743ffc6/files/6f1f0d28c16cac9abad39c7df8844613a85eacf3d8685968dfbc6fe3a8d63406 [none]
[debug] [2023-03-22T02:49:50.637Z] >>> [apiv2][body] POST https://upload-firebasehosting.googleapis.com/upload/sites/react-firebase-65a6c/versions/da2b9907e743ffc6/files/6f1f0d28c16cac9abad39c7df8844613a85eacf3d8685968dfbc6fe3a8d63406 [stream]
[debug] [2023-03-22T02:49:50.642Z] [hosting][populate queue][FINAL] {"max":1266,"min":1266,"avg":1266,"active":0,"complete":1,"success":1,"errored":0,"retried":0,"total":1,"elapsed":1290}
[debug] [2023-03-22T02:49:50.643Z] [hosting] uploads queued: 4
[debug] [2023-03-22T02:49:52.156Z] <<< [apiv2][status] POST https://upload-firebasehosting.googleapis.com/upload/sites/react-firebase-65a6c/versions/da2b9907e743ffc6/files/6e7eae71f8f504959d546f054821fdffc600c67f52fc8e60dc31f14d27361e10 200
[debug] [2023-03-22T02:49:52.157Z] <<< [apiv2][body] POST https://upload-firebasehosting.googleapis.com/upload/sites/react-firebase-65a6c/versions/da2b9907e743ffc6/files/6e7eae71f8f504959d546f054821fdffc600c67f52fc8e60dc31f14d27361e10 [stream]
[debug] [2023-03-22T02:49:52.173Z] <<< [apiv2][status] POST https://upload-firebasehosting.googleapis.com/upload/sites/react-firebase-65a6c/versions/da2b9907e743ffc6/files/33652eb0d323b2cce01b93ef64bed9a2e3c4045aaaf4d239e1779fdb96168153 200
[debug] [2023-03-22T02:49:52.174Z] <<< [apiv2][body] POST https://upload-firebasehosting.googleapis.com/upload/sites/react-firebase-65a6c/versions/da2b9907e743ffc6/files/33652eb0d323b2cce01b93ef64bed9a2e3c4045aaaf4d239e1779fdb96168153 [stream]
[debug] [2023-03-22T02:49:54.149Z] <<< [apiv2][status] POST https://upload-firebasehosting.googleapis.com/upload/sites/react-firebase-65a6c/versions/da2b9907e743ffc6/files/f9eb39c716ddcd70e02e69b40b1d4465a676eff83a1e80bf30d75d10529481ca 200
[debug] [2023-03-22T02:49:54.151Z] <<< [apiv2][body] POST https://upload-firebasehosting.googleapis.com/upload/sites/react-firebase-65a6c/versions/da2b9907e743ffc6/files/f9eb39c716ddcd70e02e69b40b1d4465a676eff83a1e80bf30d75d10529481ca [stream]
